mode: atomic
service-user/internal/domain/entity/user.go:31.48,33.2 1 0
service-user/internal/domain/entity/user.go:35.53,39.2 3 0
service-user/internal/domain/entity/user.go:41.53,44.2 2 0
service-user/internal/infra/jwt/client.go:11.31,13.2 1 1
service-user/internal/infra/jwt/client.go:17.85,33.2 3 0
service-user/internal/infra/jwt/client.go:35.54,41.2 2 1
service-user/cmd/entry/user.go:15.63,19.2 1 1
service-user/cmd/entry/user.go:21.58,25.2 3 0
service-user/cmd/entry/user.go:27.54,31.2 3 0
service-user/cmd/entry/user.go:33.56,36.2 2 0
service-user/cmd/entry/user.go:38.59,40.2 1 0
service-user/cmd/entry/user.go:42.61,44.2 1 0
service-user/cmd/entry/user.go:46.65,48.2 1 0
service-user/internal/infra/validation/client.go:19.41,20.17 1 0
service-user/internal/infra/validation/client.go:33.2,33.17 1 0
service-user/internal/infra/validation/client.go:20.17,26.13 5 0
service-user/internal/infra/validation/client.go:29.3,29.85 1 0
service-user/internal/infra/validation/client.go:26.13,28.4 1 0
service-user/internal/infra/validation/client.go:29.85,31.4 1 0
service-user/internal/infra/validation/client.go:41.86,45.25 2 0
service-user/internal/infra/validation/client.go:53.2,53.15 1 0
service-user/internal/infra/validation/client.go:45.25,51.3 2 0
service-user/internal/domain/validator/user.go:15.59,16.36 1 0
service-user/internal/domain/validator/user.go:16.36,21.40 4 0
service-user/internal/domain/validator/user.go:25.3,26.17 2 0
service-user/internal/domain/validator/user.go:21.40,24.4 2 0
service-user/internal/domain/validator/user.go:30.61,31.36 1 0
service-user/internal/domain/validator/user.go:31.36,36.42 4 0
service-user/internal/domain/validator/user.go:40.3,41.17 2 0
service-user/internal/domain/validator/user.go:36.42,39.4 2 0
service-user/internal/domain/repository/progress.go:16.61,20.2 1 0
service-user/internal/domain/repository/progress.go:26.99,29.2 2 0
service-user/internal/domain/repository/progress.go:30.97,33.2 2 0
service-user/internal/domain/repository/progress.go:34.91,38.2 3 0
service-user/internal/domain/repository/progress.go:40.120,44.2 3 0
service-user/internal/domain/repository/user.go:15.53,19.2 1 0
service-user/internal/domain/repository/user.go:25.79,28.2 2 0
service-user/internal/domain/repository/user.go:30.77,34.2 2 0
service-user/internal/domain/repository/user.go:36.93,40.2 3 0
service-user/internal/domain/usecase/progress.go:14.86,18.2 1 0
service-user/internal/domain/usecase/progress.go:20.89,24.25 4 0
service-user/internal/domain/usecase/progress.go:30.2,30.16 1 0
service-user/internal/domain/usecase/progress.go:33.2,33.124 1 0
service-user/internal/domain/usecase/progress.go:24.25,26.3 1 0
service-user/internal/domain/usecase/progress.go:26.8,28.3 1 0
service-user/internal/domain/usecase/progress.go:30.16,32.3 1 0
service-user/internal/domain/usecase/progress.go:36.70,38.16 2 0
service-user/internal/domain/usecase/progress.go:45.2,45.97 1 0
service-user/internal/domain/usecase/progress.go:38.16,44.3 1 0
service-user/cmd/handler/user.go:13.79,23.2 9 1
service-user/internal/domain/object_values/response.go:10.107,17.2 1 0
service-user/internal/domain/usecase/user.go:22.118,28.2 1 0
service-user/internal/domain/usecase/user.go:30.73,33.16 3 0
service-user/internal/domain/usecase/user.go:36.2,36.137 1 0
service-user/internal/domain/usecase/user.go:33.16,35.3 1 0
service-user/internal/domain/usecase/user.go:39.80,41.49 2 0
service-user/internal/domain/usecase/user.go:56.2,56.143 1 0
service-user/internal/domain/usecase/user.go:41.49,48.17 2 0
service-user/internal/domain/usecase/user.go:51.3,54.20 2 0
service-user/internal/domain/usecase/user.go:48.17,50.4 1 0
service-user/internal/domain/usecase/user.go:59.80,61.16 2 0
service-user/internal/domain/usecase/user.go:72.2,74.28 1 0
service-user/internal/domain/usecase/user.go:61.16,65.23 3 0
service-user/internal/domain/usecase/user.go:65.23,70.4 1 0
service-user/internal/domain/usecase/user.go:77.41,79.2 0 0
service-user/internal/domain/usecase/user.go:81.43,83.2 0 0
service-user/internal/infra/cache/client.go:17.54,22.16 5 0
service-user/internal/infra/cache/client.go:25.2,25.16 1 0
service-user/internal/infra/cache/client.go:22.16,23.13 1 0
service-user/internal/infra/cache/client.go:28.48,30.43 2 0
service-user/internal/infra/cache/client.go:39.2,39.13 1 0
service-user/internal/infra/cache/client.go:30.43,33.37 2 0
service-user/internal/infra/cache/client.go:37.3,37.13 1 0
service-user/internal/infra/cache/client.go:33.37,36.4 2 0
service-user/internal/infra/cache/client.go:42.61,43.52 1 0
service-user/internal/infra/cache/client.go:46.2,46.12 1 0
service-user/internal/infra/cache/client.go:43.52,45.3 1 0
service-user/internal/infra/cache/client.go:49.40,51.22 1 0
service-user/internal/infra/cache/client.go:58.2,58.22 1 0
service-user/internal/infra/cache/client.go:51.22,56.3 4 0
service-user/internal/domain/entity/user.go:31.48,33.2 1 1
service-user/internal/domain/entity/user.go:35.53,39.2 3 2
service-user/internal/domain/entity/user.go:41.53,44.2 2 0
service-user/internal/domain/repository/progress.go:16.61,20.2 1 1
service-user/internal/domain/repository/progress.go:26.99,29.2 2 2
service-user/internal/domain/repository/progress.go:30.97,33.2 2 0
service-user/internal/domain/repository/progress.go:34.91,38.2 3 0
service-user/internal/domain/repository/progress.go:40.120,44.2 3 0
service-user/internal/domain/repository/user.go:15.53,19.2 1 1
service-user/internal/domain/repository/user.go:25.79,28.2 2 2
service-user/internal/domain/repository/user.go:30.77,34.2 2 0
service-user/internal/domain/repository/user.go:36.93,40.2 3 0
service-user/internal/domain/repository/progress.go:16.61,20.2 1 0
service-user/internal/domain/repository/progress.go:26.99,29.2 2 0
service-user/internal/domain/repository/progress.go:30.97,33.2 2 0
service-user/internal/domain/repository/progress.go:34.91,38.2 3 0
service-user/internal/domain/repository/progress.go:40.120,44.2 3 0
service-user/internal/domain/repository/user.go:15.53,19.2 1 0
service-user/internal/domain/repository/user.go:25.79,28.2 2 0
service-user/internal/domain/repository/user.go:30.77,34.2 2 0
service-user/internal/domain/repository/user.go:36.93,40.2 3 0
service-user/test/mock/IRepositoryUser.go:17.95,21.66 3 0
service-user/test/mock/IRepositoryUser.go:29.2,29.11 1 0
service-user/test/mock/IRepositoryUser.go:21.66,23.3 1 0
service-user/test/mock/IRepositoryUser.go:23.8,24.24 1 0
service-user/test/mock/IRepositoryUser.go:24.24,26.4 1 0
service-user/test/mock/IRepositoryUser.go:33.81,38.72 4 2
service-user/test/mock/IRepositoryUser.go:41.2,41.63 1 2
service-user/test/mock/IRepositoryUser.go:49.2,49.56 1 2
service-user/test/mock/IRepositoryUser.go:55.2,55.15 1 2
service-user/test/mock/IRepositoryUser.go:38.72,40.3 1 0
service-user/test/mock/IRepositoryUser.go:41.63,43.3 1 0
service-user/test/mock/IRepositoryUser.go:43.8,44.24 1 2
service-user/test/mock/IRepositoryUser.go:44.24,46.4 1 2
service-user/test/mock/IRepositoryUser.go:49.56,51.3 1 0
service-user/test/mock/IRepositoryUser.go:51.8,53.3 1 2
service-user/test/mock/IRepositoryUser.go:59.79,64.72 4 0
service-user/test/mock/IRepositoryUser.go:67.2,67.63 1 0
service-user/test/mock/IRepositoryUser.go:75.2,75.56 1 0
service-user/test/mock/IRepositoryUser.go:81.2,81.15 1 0
service-user/test/mock/IRepositoryUser.go:64.72,66.3 1 0
service-user/test/mock/IRepositoryUser.go:67.63,69.3 1 0
service-user/test/mock/IRepositoryUser.go:69.8,70.24 1 0
service-user/test/mock/IRepositoryUser.go:70.24,72.4 1 0
service-user/test/mock/IRepositoryUser.go:75.56,77.3 1 0
service-user/test/mock/IRepositoryUser.go:77.8,79.3 1 0
service-user/test/mock/IRepositoryUser.go:90.87,94.19 3 4
service-user/test/mock/IRepositoryUser.go:96.2,96.13 1 4
service-user/test/mock/IRepositoryUser.go:94.19,94.49 1 4
service-user/internal/domain/entity/user.go:31.48,33.2 1 0
service-user/internal/domain/entity/user.go:35.53,39.2 3 0
service-user/internal/domain/entity/user.go:41.53,44.2 2 0
service-user/internal/domain/object_values/response.go:10.107,17.2 1 7
service-user/internal/infra/jwt/client.go:11.31,13.2 1 4
service-user/internal/infra/jwt/client.go:17.85,33.2 3 0
service-user/internal/infra/jwt/client.go:35.54,41.2 2 0
service-user/internal/domain/usecase/user.go:22.118,28.2 1 4
service-user/internal/domain/usecase/user.go:30.73,33.16 3 2
service-user/internal/domain/usecase/user.go:36.2,36.137 1 1
service-user/internal/domain/usecase/user.go:33.16,35.3 1 1
service-user/internal/domain/usecase/user.go:39.80,41.49 2 0
service-user/internal/domain/usecase/user.go:56.2,56.143 1 0
service-user/internal/domain/usecase/user.go:41.49,48.17 2 0
service-user/internal/domain/usecase/user.go:51.3,54.20 2 0
service-user/internal/domain/usecase/user.go:48.17,50.4 1 0
service-user/internal/domain/usecase/user.go:59.80,61.16 2 2
service-user/internal/domain/usecase/user.go:72.2,74.28 1 1
service-user/internal/domain/usecase/user.go:61.16,65.23 3 1
service-user/internal/domain/usecase/user.go:65.23,70.4 1 1
service-user/internal/domain/usecase/user.go:77.41,79.2 0 0
service-user/internal/domain/usecase/user.go:81.43,83.2 0 0
service-user/internal/infra/cache/client.go:17.54,22.16 5 1
service-user/internal/infra/cache/client.go:25.2,25.16 1 1
service-user/internal/infra/cache/client.go:22.16,23.13 1 0
service-user/internal/infra/cache/client.go:28.48,30.43 2 1
service-user/internal/infra/cache/client.go:39.2,39.13 1 1
service-user/internal/infra/cache/client.go:30.43,33.37 2 1
service-user/internal/infra/cache/client.go:37.3,37.13 1 1
service-user/internal/infra/cache/client.go:33.37,36.4 2 1
service-user/internal/infra/cache/client.go:42.61,43.52 1 1
service-user/internal/infra/cache/client.go:46.2,46.12 1 1
service-user/internal/infra/cache/client.go:43.52,45.3 1 1
service-user/internal/infra/cache/client.go:49.40,51.22 1 4
service-user/internal/infra/cache/client.go:58.2,58.22 1 4
service-user/internal/infra/cache/client.go:51.22,56.3 4 1
service-user/internal/domain/usecase/progress.go:14.86,18.2 1 5
service-user/internal/domain/usecase/progress.go:20.89,24.25 4 3
service-user/internal/domain/usecase/progress.go:30.2,30.16 1 3
service-user/internal/domain/usecase/progress.go:33.2,33.124 1 2
service-user/internal/domain/usecase/progress.go:24.25,26.3 1 2
service-user/internal/domain/usecase/progress.go:26.8,28.3 1 1
service-user/internal/domain/usecase/progress.go:30.16,32.3 1 1
service-user/internal/domain/usecase/progress.go:36.70,38.16 2 2
service-user/internal/domain/usecase/progress.go:45.2,45.97 1 1
service-user/internal/domain/usecase/progress.go:38.16,44.3 1 1
service-user/test/mock/IRepositoryProgress.go:17.93,22.72 4 2
service-user/test/mock/IRepositoryProgress.go:25.2,25.63 1 2
service-user/test/mock/IRepositoryProgress.go:33.2,33.51 1 2
service-user/test/mock/IRepositoryProgress.go:39.2,39.15 1 2
service-user/test/mock/IRepositoryProgress.go:22.72,24.3 1 0
service-user/test/mock/IRepositoryProgress.go:25.63,27.3 1 0
service-user/test/mock/IRepositoryProgress.go:27.8,28.24 1 2
service-user/test/mock/IRepositoryProgress.go:28.24,30.4 1 1
service-user/test/mock/IRepositoryProgress.go:33.51,35.3 1 0
service-user/test/mock/IRepositoryProgress.go:35.8,37.3 1 2
service-user/test/mock/IRepositoryProgress.go:43.122,48.79 4 3
service-user/test/mock/IRepositoryProgress.go:51.2,51.70 1 3
service-user/test/mock/IRepositoryProgress.go:59.2,59.59 1 3
service-user/test/mock/IRepositoryProgress.go:65.2,65.15 1 3
service-user/test/mock/IRepositoryProgress.go:48.79,50.3 1 0
service-user/test/mock/IRepositoryProgress.go:51.70,53.3 1 0
service-user/test/mock/IRepositoryProgress.go:53.8,54.24 1 3
service-user/test/mock/IRepositoryProgress.go:54.24,56.4 1 3
service-user/test/mock/IRepositoryProgress.go:59.59,61.3 1 0
service-user/test/mock/IRepositoryProgress.go:61.8,63.3 1 3
service-user/test/mock/IRepositoryProgress.go:69.101,74.80 4 2
service-user/test/mock/IRepositoryProgress.go:77.2,77.71 1 2
service-user/test/mock/IRepositoryProgress.go:85.2,85.60 1 2
service-user/test/mock/IRepositoryProgress.go:91.2,91.15 1 2
service-user/test/mock/IRepositoryProgress.go:74.80,76.3 1 0
service-user/test/mock/IRepositoryProgress.go:77.71,79.3 1 0
service-user/test/mock/IRepositoryProgress.go:79.8,80.24 1 2
service-user/test/mock/IRepositoryProgress.go:80.24,82.4 1 0
service-user/test/mock/IRepositoryProgress.go:85.60,87.3 1 0
service-user/test/mock/IRepositoryProgress.go:87.8,89.3 1 2
service-user/test/mock/IRepositoryProgress.go:95.99,100.80 4 1
service-user/test/mock/IRepositoryProgress.go:103.2,103.71 1 1
service-user/test/mock/IRepositoryProgress.go:111.2,111.60 1 1
service-user/test/mock/IRepositoryProgress.go:117.2,117.15 1 1
service-user/test/mock/IRepositoryProgress.go:100.80,102.3 1 0
service-user/test/mock/IRepositoryProgress.go:103.71,105.3 1 0
service-user/test/mock/IRepositoryProgress.go:105.8,106.24 1 1
service-user/test/mock/IRepositoryProgress.go:106.24,108.4 1 0
service-user/test/mock/IRepositoryProgress.go:111.60,113.3 1 0
service-user/test/mock/IRepositoryProgress.go:113.8,115.3 1 1
service-user/test/mock/IRepositoryProgress.go:126.99,130.19 3 5
service-user/test/mock/IRepositoryProgress.go:132.2,132.13 1 5
service-user/test/mock/IRepositoryProgress.go:130.19,130.49 1 5
service-user/internal/domain/object_values/response.go:10.107,17.2 1 0
service-user/internal/infra/validation/client.go:19.41,20.17 1 2
service-user/internal/infra/validation/client.go:33.2,33.17 1 2
service-user/internal/infra/validation/client.go:20.17,26.13 5 1
service-user/internal/infra/validation/client.go:29.3,29.85 1 1
service-user/internal/infra/validation/client.go:26.13,28.4 1 0
service-user/internal/infra/validation/client.go:29.85,31.4 1 0
service-user/internal/infra/validation/client.go:41.86,45.25 2 2
service-user/internal/infra/validation/client.go:53.2,53.15 1 2
service-user/internal/infra/validation/client.go:45.25,51.3 2 8
service-user/internal/domain/validator/user.go:15.59,16.36 1 1
service-user/internal/domain/validator/user.go:16.36,21.40 4 1
service-user/internal/domain/validator/user.go:25.3,26.17 2 0
service-user/internal/domain/validator/user.go:21.40,24.4 2 1
service-user/internal/domain/validator/user.go:30.61,31.36 1 1
service-user/internal/domain/validator/user.go:31.36,36.42 4 1
service-user/internal/domain/validator/user.go:40.3,41.17 2 0
service-user/internal/domain/validator/user.go:36.42,39.4 2 1
service-user/internal/domain/entity/user.go:31.48,33.2 1 0
service-user/internal/domain/entity/user.go:35.53,39.2 3 0
service-user/internal/domain/entity/user.go:41.53,44.2 2 0
